C51 COMPILER V9.54   DINOSAUR                                                              06/29/2022 14:17:51 PAGE 1   


C51 COMPILER V9.54, COMPILATION OF MODULE DINOSAUR
OBJECT MODULE PLACED IN .\Objects\Dinosaur.obj
COMPILER INVOKED BY: D:\Keil_v5\C51\BIN\C51.EXE Dinosaur.c OPTIMIZE(8,SPEED) BROWSE DEBUG OBJECTEXTEND PRINT(.\Listings\
                    -Dinosaur.lst) TABS(2) OBJECT(.\Objects\Dinosaur.obj)

line level    source

   1          #include "LCD1602.h"
   2          
   3          void Dinosaur()
   4          {
   5   1          LCD_WriteCommand(0x40);   //01 000 000
   6   1          LCD_WriteData(0x0F);
   7   1          
   8   1          LCD_WriteCommand(0x41);   //01 000 001
   9   1          LCD_WriteData(0x0B);
  10   1          
  11   1          LCD_WriteCommand(0x42);   //01 000 010
  12   1          LCD_WriteData(0x0E);
  13   1          
  14   1          LCD_WriteCommand(0x43);   //01 000 011
  15   1          LCD_WriteData(0x0F);
  16   1          
  17   1          LCD_WriteCommand(0x44);   //01 000 100
  18   1          LCD_WriteData(0x0E);
  19   1          
  20   1          LCD_WriteCommand(0x45);   //01 000 101
  21   1          LCD_WriteData(0x0E);
  22   1          
  23   1          LCD_WriteCommand(0x46);   //01 000 110
  24   1          LCD_WriteData(0x1E);
  25   1          
  26   1          LCD_WriteCommand(0x47);   //01 000 111
  27   1          LCD_WriteData(0x0A);
  28   1      }


MODULE INFORMATION:   STATIC OVERLAYABLE
   CODE SIZE        =     80    ----
   CONSTANT SIZE    =   ----    ----
   XDATA SIZE       =   ----    ----
   PDATA SIZE       =   ----    ----
   DATA SIZE        =   ----    ----
   IDATA SIZE       =   ----    ----
   BIT SIZE         =   ----    ----
END OF MODULE INFORMATION.


C51 COMPILATION COMPLETE.  0 WARNING(S),  0 ERROR(S)
