C51 COMPILER V9.54   MOVE                                                                  06/29/2022 17:53:59 PAGE 1   


C51 COMPILER V9.54, COMPILATION OF MODULE MOVE
OBJECT MODULE PLACED IN .\Objects\Move.obj
COMPILER INVOKED BY: D:\Keil_v5\C51\BIN\C51.EXE Move.c OPTIMIZE(8,SPEED) BROWSE DEBUG OBJECTEXTEND PRINT(.\Listings\Move
                    -.lst) TABS(2) OBJECT(.\Objects\Move.obj)

line level    source

   1          #include <INTRINS.H>
   2          #include "LCD1602.h"
   3          #include "Key.h"
   4          
   5          
   6          void Delay400ms()   //@11.0592MHz
   7          {
   8   1        unsigned char i, j, k;
   9   1      
  10   1        _nop_();
  11   1        i = 3;
  12   1        j = 206;
  13   1        k = 43;
  14   1        do
  15   1        {
  16   2          do
  17   2          {
  18   3            while (--k);
  19   3          } while (--j);
  20   2        } while (--i);
  21   1      }
  22          
  23          void Dinosaur_Move()
  24          { 
  25   1        unsigned char KeyNum=Key();
  26   1        unsigned char Dy=2;
  27   1        if(KeyNum==1)Dy=1;
  28   1        else Dy=2;
  29   1        LCD_ShowChar(Dy,2,0x00);
  30   1      }
  31          
  32          void All_Move()
  33          { 
  34   1        unsigned char Cx=16;
  35   1        for(Cx=16;Cx>0;Cx--)
  36   1        {
  37   2          Dinosaur_Move();
  38   2          LCD_ShowChar(2,Cx,0x01);//仙人掌动
  39   2          Delay400ms();
  40   2          LCD_Init();
  41   2        }
  42   1      }
  43          


MODULE INFORMATION:   STATIC OVERLAYABLE
   CODE SIZE        =     70    ----
   CONSTANT SIZE    =   ----    ----
   XDATA SIZE       =   ----    ----
   PDATA SIZE       =   ----    ----
   DATA SIZE        =   ----       1
   IDATA SIZE       =   ----    ----
   BIT SIZE         =   ----    ----
END OF MODULE INFORMATION.

C51 COMPILER V9.54   MOVE                                                                  06/29/2022 17:53:59 PAGE 2   


C51 COMPILATION COMPLETE.  0 WARNING(S),  0 ERROR(S)
